Using pre-set license
Built from '2020.3/release' branch; Version is '2020.3.27f1 (e759542391ea) revision 15161684'; Using compiler version '192528614'; Build Type 'Release'
OS: 'Windows 10  (10.0.19044) 64bit Core' Language: 'fr' Physical Memory: 16183 MB
BatchMode: 1, IsHumanControllingUs: 0, StartBugReporterOnCrash: 0, Is64bit: 1, IsPro: 0

COMMAND LINE ARGUMENTS:
C:\Program Files\Unity\Hub\Editor\2020.3.27f1\Editor\Unity.exe
-adb2
-batchMode
-noUpm
-name
AssetImportWorker1
-projectPath
C:/Users/antho/Desktop/Projet Dev c#/BCP_Jeu_C#/Repos Projet C#
-logFile
Logs/AssetImportWorker1.log
-srvPort
62621
Successfully changed project path to: C:/Users/antho/Desktop/Projet Dev c#/BCP_Jeu_C#/Repos Projet C#
C:/Users/antho/Desktop/Projet Dev c#/BCP_Jeu_C#/Repos Projet C#
Using Asset Import Pipeline V2.
Refreshing native plugins compatible for Editor in 175.70 ms, found 2 plugins.
Preloading 0 native plugins for Editor in 0.00 ms.
Initialize engine version: 2020.3.27f1 (e759542391ea)
[Subsystems] Discovering subsystems at path C:/Program Files/Unity/Hub/Editor/2020.3.27f1/Editor/Data/Resources/UnitySubsystems
[Subsystems] Discovering subsystems at path C:/Users/antho/Desktop/Projet Dev c#/BCP_Jeu_C#/Repos Projet C#/Assets
GfxDevice: creating device client; threaded=0
Direct3D:
    Version:  Direct3D 11.0 [level 11.1]
    Renderer: Intel(R) Iris(R) Xe Graphics (ID=0x9a49)
    Vendor:   
    VRAM:     8091 MB
    Driver:   27.20.100.8853
Initialize mono
Mono path[0] = 'C:/Program Files/Unity/Hub/Editor/2020.3.27f1/Editor/Data/Managed'
Mono path[1] = 'C:/Program Files/Unity/Hub/Editor/2020.3.27f1/Editor/Data/MonoBleedingEdge/lib/mono/unityjit'
Mono config path = 'C:/Program Files/Unity/Hub/Editor/2020.3.27f1/Editor/Data/MonoBleedingEdge/etc'
Using monoOptions --debugger-agent=transport=dt_socket,embedding=1,server=y,suspend=n,address=127.0.0.1:56136
Begin MonoManager ReloadAssembly
Registering precompiled unity dll's ...
Register platform support module: C:/Program Files/Unity/Hub/Editor/2020.3.27f1/Editor/Data/PlaybackEngines/WindowsStandaloneSupport/UnityEditor.WindowsStandalone.Extensions.dll
Registered in 0.005633 seconds.
Native extension for WindowsStandalone target not found
Refreshing native plugins compatible for Editor in 160.95 ms, found 2 plugins.
Preloading 0 native plugins for Editor in 0.00 ms.
Mono: successfully reloaded assembly
- Completed reload, in  1.958 seconds
Domain Reload Profiling:
	ReloadAssembly (1958ms)
		BeginReloadAssembly (196ms)
			ExecutionOrderSort (0ms)
			DisableScriptedObjects (0ms)
			BackupInstance (0ms)
			ReleaseScriptingObjects (0ms)
			CreateAndSetChildDomain (2ms)
		EndReloadAssembly (1517ms)
			LoadAssemblies (190ms)
			RebuildTransferFunctionScriptingTraits (0ms)
			SetupTypeCache (468ms)
			ReleaseScriptCaches (0ms)
			RebuildScriptCaches (119ms)
			SetupLoadedEditorAssemblies (596ms)
				LogAssemblyErrors (0ms)
				InitializePlatformSupportModulesInManaged (18ms)
				SetLoadedEditorAssemblies (1ms)
				RefreshPlugins (161ms)
				BeforeProcessingInitializeOnLoad (47ms)
				ProcessInitializeOnLoadAttributes (280ms)
				ProcessInitializeOnLoadMethodAttributes (88ms)
				AfterProcessingInitializeOnLoad (0ms)
				EditorAssembliesLoaded (1ms)
			ExecutionOrderSort2 (0ms)
			AwakeInstancesAfterBackupRestoration (0ms)
Platform modules already initialized, skipping
Registering precompiled user dll's ...
Registered in 0.008863 seconds.
Begin MonoManager ReloadAssembly
Native extension for WindowsStandalone target not found
Refreshing native plugins compatible for Editor in 158.84 ms, found 2 plugins.
Preloading 0 native plugins for Editor in 0.00 ms.
Mono: successfully reloaded assembly
- Completed reload, in  3.510 seconds
Domain Reload Profiling:
	ReloadAssembly (3513ms)
		BeginReloadAssembly (474ms)
			ExecutionOrderSort (0ms)
			DisableScriptedObjects (17ms)
			BackupInstance (0ms)
			ReleaseScriptingObjects (0ms)
			CreateAndSetChildDomain (45ms)
		EndReloadAssembly (2831ms)
			LoadAssemblies (303ms)
			RebuildTransferFunctionScriptingTraits (0ms)
			SetupTypeCache (884ms)
			ReleaseScriptCaches (1ms)
			RebuildScriptCaches (148ms)
			SetupLoadedEditorAssemblies (1147ms)
				LogAssemblyErrors (0ms)
				InitializePlatformSupportModulesInManaged (11ms)
				SetLoadedEditorAssemblies (1ms)
				RefreshPlugins (159ms)
				BeforeProcessingInitializeOnLoad (260ms)
				ProcessInitializeOnLoadAttributes (651ms)
				ProcessInitializeOnLoadMethodAttributes (45ms)
				AfterProcessingInitializeOnLoad (19ms)
				EditorAssembliesLoaded (1ms)
			ExecutionOrderSort2 (0ms)
			AwakeInstancesAfterBackupRestoration (18ms)
Platform modules already initialized, skipping
========================================================================
Worker process is ready to serve import requests
Launched and connected shader compiler UnityShaderCompiler.exe after 0.12 seconds
Refreshing native plugins compatible for Editor in 1.10 ms, found 2 plugins.
Preloading 0 native plugins for Editor in 0.00 ms.
Unloading 2042 Unused Serialized files (Serialized files now loaded: 0)
System memory in use before: 110.2 MB.
System memory in use after: 110.2 MB.

Unloading 16 unused Assets to reduce memory usage. Loaded Objects now: 2505.
Total: 7.430200 ms (FindLiveObjects: 0.313400 ms CreateObjectMapping: 0.152600 ms MarkObjects: 6.445300 ms  DeleteObjects: 0.515900 ms)

AssetImportParameters requested are different than current active one (requested -> active):
  custom:framework-win-MediaFoundation: 216162199b28c13a410421893ffa2e32 -> 
  custom:video-decoder-ogg-theora: a1e56fd34408186e4bbccfd4996cb3dc -> 
  custom:container-muxer-webm: aa71ff27fc2769a1b78a27578f13a17b -> 
  custom:container-demuxer-webm: 4f35f7cbe854078d1ac9338744f61a02 -> 
  custom:container-demuxer-ogg: 62fdf1f143b41e24485cea50d1cbac27 -> 
  custom:video-encoder-webm-vp8: eb34c28f22e8b96e1ab97ce403110664 -> 
  custom:video-codec-MediaFoundation-h265: 746d11721c4dcdbdad8f713fa42b33f4 -> 
  custom:video-decoder-webm-vp8: 9c59270c3fd7afecdb556c50c9e8de78 -> 
  custom:audio-decoder-ogg-vorbis: bf7c407c2cedff20999df2af8eb42d56 -> 
  custom:audio-encoder-webm-vorbis: bf7c407c2cedff20999df2af8eb42d56 -> 
========================================================================
Received Prepare
Registering precompiled user dll's ...
Registered in 0.009308 seconds.
Begin MonoManager ReloadAssembly
Native extension for WindowsStandalone target not found
Refreshing native plugins compatible for Editor in 1.12 ms, found 2 plugins.
Preloading 0 native plugins for Editor in 0.00 ms.
Mono: successfully reloaded assembly
- Completed reload, in  3.140 seconds
Domain Reload Profiling:
	ReloadAssembly (3141ms)
		BeginReloadAssembly (341ms)
			ExecutionOrderSort (0ms)
			DisableScriptedObjects (14ms)
			BackupInstance (0ms)
			ReleaseScriptingObjects (0ms)
			CreateAndSetChildDomain (88ms)
		EndReloadAssembly (2604ms)
			LoadAssemblies (289ms)
			RebuildTransferFunctionScriptingTraits (0ms)
			SetupTypeCache (890ms)
			ReleaseScriptCaches (2ms)
			RebuildScriptCaches (130ms)
			SetupLoadedEditorAssemblies (1018ms)
				LogAssemblyErrors (0ms)
				InitializePlatformSupportModulesInManaged (14ms)
				SetLoadedEditorAssemblies (2ms)
				RefreshPlugins (1ms)
				BeforeProcessingInitializeOnLoad (292ms)
				ProcessInitializeOnLoadAttributes (645ms)
				ProcessInitializeOnLoadMethodAttributes (45ms)
				AfterProcessingInitializeOnLoad (18ms)
				EditorAssembliesLoaded (1ms)
			ExecutionOrderSort2 (0ms)
			AwakeInstancesAfterBackupRestoration (18ms)
Platform modules already initialized, skipping
Refreshing native plugins compatible for Editor in 1.01 ms, found 2 plugins.
Preloading 0 native plugins for Editor in 0.00 ms.
Unloading 2016 Unused Serialized files (Serialized files now loaded: 0)
System memory in use before: 108.1 MB.
System memory in use after: 108.2 MB.

Unloading 12 unused Assets to reduce memory usage. Loaded Objects now: 2508.
Total: 7.858600 ms (FindLiveObjects: 0.288600 ms CreateObjectMapping: 0.143900 ms MarkObjects: 7.184900 ms  DeleteObjects: 0.239000 ms)

AssetImportParameters requested are different than current active one (requested -> active):
  custom:framework-win-MediaFoundation: 216162199b28c13a410421893ffa2e32 -> 
  custom:video-decoder-ogg-theora: a1e56fd34408186e4bbccfd4996cb3dc -> 
  custom:container-muxer-webm: aa71ff27fc2769a1b78a27578f13a17b -> 
  custom:container-demuxer-webm: 4f35f7cbe854078d1ac9338744f61a02 -> 
  custom:container-demuxer-ogg: 62fdf1f143b41e24485cea50d1cbac27 -> 
  custom:video-encoder-webm-vp8: eb34c28f22e8b96e1ab97ce403110664 -> 
  custom:video-codec-MediaFoundation-h265: 746d11721c4dcdbdad8f713fa42b33f4 -> 
  custom:video-decoder-webm-vp8: 9c59270c3fd7afecdb556c50c9e8de78 -> 
  custom:audio-decoder-ogg-vorbis: bf7c407c2cedff20999df2af8eb42d56 -> 
  custom:audio-encoder-webm-vorbis: bf7c407c2cedff20999df2af8eb42d56 -> 
========================================================================
Received Import Request.
  path: Assets/PreFabs/Spike.prefab
  artifactKey: Guid(c635cdfc364c5c845af31fa508589d5b) Importer(815301076,1909f56bfc062723c751e8b465ee728b)
Start importing Assets/PreFabs/Spike.prefab using Guid(c635cdfc364c5c845af31fa508589d5b) Importer(815301076,1909f56bfc062723c751e8b465ee728b)  -> (artifact id: 'b943e90449afdee8a87cfd4ab87d2fb1') in 0.116515 seconds 
  Import took 0.126021 seconds .

========================================================================
Received Import Request.
  Time since last request: 130.682580 seconds.
  path: Assets/PreFabs/Spike.prefab
  artifactKey: Guid(c635cdfc364c5c845af31fa508589d5b) Importer(815301076,1909f56bfc062723c751e8b465ee728b)
Start importing Assets/PreFabs/Spike.prefab using Guid(c635cdfc364c5c845af31fa508589d5b) Importer(815301076,1909f56bfc062723c751e8b465ee728b)  -> (artifact id: 'b5acc1f83dc1ea5c93a0942a55f6e61b') in 1.249642 seconds 
  Import took 1.262999 seconds .

========================================================================
Received Prepare
Registering precompiled user dll's ...
Registered in 0.008004 seconds.
Begin MonoManager ReloadAssembly
Native extension for WindowsStandalone target not found
Refreshing native plugins compatible for Editor in 1.10 ms, found 2 plugins.
Preloading 0 native plugins for Editor in 0.00 ms.
Mono: successfully reloaded assembly
- Completed reload, in  3.127 seconds
Domain Reload Profiling:
	ReloadAssembly (3129ms)
		BeginReloadAssembly (345ms)
			ExecutionOrderSort (0ms)
			DisableScriptedObjects (17ms)
			BackupInstance (0ms)
			ReleaseScriptingObjects (0ms)
			CreateAndSetChildDomain (101ms)
		EndReloadAssembly (2576ms)
			LoadAssemblies (285ms)
			RebuildTransferFunctionScriptingTraits (0ms)
			SetupTypeCache (861ms)
			ReleaseScriptCaches (2ms)
			RebuildScriptCaches (121ms)
			SetupLoadedEditorAssemblies (1043ms)
				LogAssemblyErrors (0ms)
				InitializePlatformSupportModulesInManaged (15ms)
				SetLoadedEditorAssemblies (2ms)
				RefreshPlugins (1ms)
				BeforeProcessingInitializeOnLoad (277ms)
				ProcessInitializeOnLoadAttributes (679ms)
				ProcessInitializeOnLoadMethodAttributes (52ms)
				AfterProcessingInitializeOnLoad (17ms)
				EditorAssembliesLoaded (1ms)
			ExecutionOrderSort2 (0ms)
			AwakeInstancesAfterBackupRestoration (17ms)
Platform modules already initialized, skipping
Refreshing native plugins compatible for Editor in 1.01 ms, found 2 plugins.
Preloading 0 native plugins for Editor in 0.00 ms.
Unloading 2016 Unused Serialized files (Serialized files now loaded: 0)
System memory in use before: 111.1 MB.
System memory in use after: 111.2 MB.

Unloading 13 unused Assets to reduce memory usage. Loaded Objects now: 2518.
Total: 7.585800 ms (FindLiveObjects: 0.288400 ms CreateObjectMapping: 0.136700 ms MarkObjects: 6.847600 ms  DeleteObjects: 0.310200 ms)

AssetImportParameters requested are different than current active one (requested -> active):
  custom:framework-win-MediaFoundation: 216162199b28c13a410421893ffa2e32 -> 
  custom:video-decoder-ogg-theora: a1e56fd34408186e4bbccfd4996cb3dc -> 
  custom:container-muxer-webm: aa71ff27fc2769a1b78a27578f13a17b -> 
  custom:container-demuxer-webm: 4f35f7cbe854078d1ac9338744f61a02 -> 
  custom:container-demuxer-ogg: 62fdf1f143b41e24485cea50d1cbac27 -> 
  custom:video-encoder-webm-vp8: eb34c28f22e8b96e1ab97ce403110664 -> 
  custom:video-codec-MediaFoundation-h265: 746d11721c4dcdbdad8f713fa42b33f4 -> 
  custom:video-decoder-webm-vp8: 9c59270c3fd7afecdb556c50c9e8de78 -> 
  custom:audio-decoder-ogg-vorbis: bf7c407c2cedff20999df2af8eb42d56 -> 
  custom:audio-encoder-webm-vorbis: bf7c407c2cedff20999df2af8eb42d56 -> 
========================================================================
Received Import Request.
  Time since last request: 48.387304 seconds.
  path: Assets/PreFabs/Spike.prefab
  artifactKey: Guid(c635cdfc364c5c845af31fa508589d5b) Importer(815301076,1909f56bfc062723c751e8b465ee728b)
Start importing Assets/PreFabs/Spike.prefab using Guid(c635cdfc364c5c845af31fa508589d5b) Importer(815301076,1909f56bfc062723c751e8b465ee728b)  -> (artifact id: 'c30b9f110b45816aea500c55bc19c5e4') in 8.500925 seconds 
  Import took 8.511119 seconds .

========================================================================
Received Import Request.
  Time since last request: 12.384769 seconds.
  path: Assets/PreFabs/Spike.prefab
  artifactKey: Guid(c635cdfc364c5c845af31fa508589d5b) Importer(815301076,1909f56bfc062723c751e8b465ee728b)
Start importing Assets/PreFabs/Spike.prefab using Guid(c635cdfc364c5c845af31fa508589d5b) Importer(815301076,1909f56bfc062723c751e8b465ee728b)  -> (artifact id: '20b1c41b6fdcf037173639328796ec85') in 0.040157 seconds 
  Import took 0.050309 seconds .

========================================================================
Received Import Request.
  Time since last request: 5.992709 seconds.
  path: Assets/PreFabs/Spike.prefab
  artifactKey: Guid(c635cdfc364c5c845af31fa508589d5b) Importer(815301076,1909f56bfc062723c751e8b465ee728b)
Start importing Assets/PreFabs/Spike.prefab using Guid(c635cdfc364c5c845af31fa508589d5b) Importer(815301076,1909f56bfc062723c751e8b465ee728b)  -> (artifact id: '991c44b2af341768d10605a29a488062') in 0.052644 seconds 
  Import took 0.062518 seconds .

========================================================================
Received Prepare
Registering precompiled user dll's ...
Registered in 0.008410 seconds.
Begin MonoManager ReloadAssembly
Native extension for WindowsStandalone target not found
Refreshing native plugins compatible for Editor in 1.76 ms, found 2 plugins.
Preloading 0 native plugins for Editor in 0.00 ms.
Mono: successfully reloaded assembly
- Completed reload, in  3.170 seconds
Domain Reload Profiling:
	ReloadAssembly (3172ms)
		BeginReloadAssembly (339ms)
			ExecutionOrderSort (0ms)
			DisableScriptedObjects (17ms)
			BackupInstance (0ms)
			ReleaseScriptingObjects (0ms)
			CreateAndSetChildDomain (92ms)
		EndReloadAssembly (2607ms)
			LoadAssemblies (291ms)
			RebuildTransferFunctionScriptingTraits (0ms)
			SetupTypeCache (872ms)
			ReleaseScriptCaches (2ms)
			RebuildScriptCaches (134ms)
			SetupLoadedEditorAssemblies (1026ms)
				LogAssemblyErrors (0ms)
				InitializePlatformSupportModulesInManaged (15ms)
				SetLoadedEditorAssemblies (2ms)
				RefreshPlugins (2ms)
				BeforeProcessingInitializeOnLoad (291ms)
				ProcessInitializeOnLoadAttributes (652ms)
				ProcessInitializeOnLoadMethodAttributes (44ms)
				AfterProcessingInitializeOnLoad (18ms)
				EditorAssembliesLoaded (1ms)
			ExecutionOrderSort2 (0ms)
			AwakeInstancesAfterBackupRestoration (20ms)
Platform modules already initialized, skipping
Refreshing native plugins compatible for Editor in 0.79 ms, found 2 plugins.
Preloading 0 native plugins for Editor in 0.00 ms.
Unloading 2016 Unused Serialized files (Serialized files now loaded: 0)
System memory in use before: 111.2 MB.
System memory in use after: 111.3 MB.

Unloading 13 unused Assets to reduce memory usage. Loaded Objects now: 2522.
Total: 6.734400 ms (FindLiveObjects: 0.368100 ms CreateObjectMapping: 0.168500 ms MarkObjects: 6.007600 ms  DeleteObjects: 0.186600 ms)

AssetImportParameters requested are different than current active one (requested -> active):
  custom:framework-win-MediaFoundation: 216162199b28c13a410421893ffa2e32 -> 
  custom:video-decoder-ogg-theora: a1e56fd34408186e4bbccfd4996cb3dc -> 
  custom:container-muxer-webm: aa71ff27fc2769a1b78a27578f13a17b -> 
  custom:container-demuxer-webm: 4f35f7cbe854078d1ac9338744f61a02 -> 
  custom:container-demuxer-ogg: 62fdf1f143b41e24485cea50d1cbac27 -> 
  custom:video-encoder-webm-vp8: eb34c28f22e8b96e1ab97ce403110664 -> 
  custom:video-codec-MediaFoundation-h265: 746d11721c4dcdbdad8f713fa42b33f4 -> 
  custom:video-decoder-webm-vp8: 9c59270c3fd7afecdb556c50c9e8de78 -> 
  custom:audio-decoder-ogg-vorbis: bf7c407c2cedff20999df2af8eb42d56 -> 
  custom:audio-encoder-webm-vorbis: bf7c407c2cedff20999df2af8eb42d56 -> 
========================================================================
Received Import Request.
  Time since last request: 274.953222 seconds.
  path: Assets/PreFabs/Spike.prefab
  artifactKey: Guid(c635cdfc364c5c845af31fa508589d5b) Importer(815301076,1909f56bfc062723c751e8b465ee728b)
Start importing Assets/PreFabs/Spike.prefab using Guid(c635cdfc364c5c845af31fa508589d5b) Importer(815301076,1909f56bfc062723c751e8b465ee728b)  -> (artifact id: 'f5caf05d88e9476c207b7a96399e3d58') in 8.512688 seconds 
  Import took 8.523713 seconds .

========================================================================
Received Import Request.
  Time since last request: 7.430269 seconds.
  path: Assets/PreFabs/Spike.prefab
  artifactKey: Guid(c635cdfc364c5c845af31fa508589d5b) Importer(815301076,1909f56bfc062723c751e8b465ee728b)
Start importing Assets/PreFabs/Spike.prefab using Guid(c635cdfc364c5c845af31fa508589d5b) Importer(815301076,1909f56bfc062723c751e8b465ee728b)  -> (artifact id: '22a961f67a358595a4c889c1f269f872') in 0.039779 seconds 
  Import took 0.048344 seconds .

========================================================================
Received Import Request.
  Time since last request: 14.318224 seconds.
  path: Assets/PreFabs/Spike.prefab
  artifactKey: Guid(c635cdfc364c5c845af31fa508589d5b) Importer(815301076,1909f56bfc062723c751e8b465ee728b)
Start importing Assets/PreFabs/Spike.prefab using Guid(c635cdfc364c5c845af31fa508589d5b) Importer(815301076,1909f56bfc062723c751e8b465ee728b)  -> (artifact id: '13c4532365bdc42fc449dbae43aae984') in 0.047716 seconds 
  Import took 0.058984 seconds .

========================================================================
Received Import Request.
  Time since last request: 6.795340 seconds.
  path: Assets/PreFabs/Spike.prefab
  artifactKey: Guid(c635cdfc364c5c845af31fa508589d5b) Importer(815301076,1909f56bfc062723c751e8b465ee728b)
Start importing Assets/PreFabs/Spike.prefab using Guid(c635cdfc364c5c845af31fa508589d5b) Importer(815301076,1909f56bfc062723c751e8b465ee728b)  -> (artifact id: '6db150c5edff60f9e5fd033da0110e6f') in 0.035810 seconds 
  Import took 0.044866 seconds .

========================================================================
Received Import Request.
  Time since last request: 16.117365 seconds.
  path: Assets/PreFabs/Spike.prefab
  artifactKey: Guid(c635cdfc364c5c845af31fa508589d5b) Importer(815301076,1909f56bfc062723c751e8b465ee728b)
Start importing Assets/PreFabs/Spike.prefab using Guid(c635cdfc364c5c845af31fa508589d5b) Importer(815301076,1909f56bfc062723c751e8b465ee728b)  -> (artifact id: 'b06cd7397fda7fe57cf418d48387b645') in 0.030312 seconds 
  Import took 0.039868 seconds .

========================================================================
Received Import Request.
  Time since last request: 2.592477 seconds.
  path: Assets/PreFabs/Spike.prefab
  artifactKey: Guid(c635cdfc364c5c845af31fa508589d5b) Importer(815301076,1909f56bfc062723c751e8b465ee728b)
Start importing Assets/PreFabs/Spike.prefab using Guid(c635cdfc364c5c845af31fa508589d5b) Importer(815301076,1909f56bfc062723c751e8b465ee728b)  -> (artifact id: '66b938565f62958f4b949bc6ccb08e82') in 0.025302 seconds 
  Import took 0.034977 seconds .

========================================================================
Received Import Request.
  Time since last request: 2.376799 seconds.
  path: Assets/PreFabs/Spike.prefab
  artifactKey: Guid(c635cdfc364c5c845af31fa508589d5b) Importer(815301076,1909f56bfc062723c751e8b465ee728b)
Start importing Assets/PreFabs/Spike.prefab using Guid(c635cdfc364c5c845af31fa508589d5b) Importer(815301076,1909f56bfc062723c751e8b465ee728b)  -> (artifact id: '486bde5b45b6a8964d30c260fe5df3a6') in 0.031495 seconds 
  Import took 0.039922 seconds .

========================================================================
Received Import Request.
  Time since last request: 8.652140 seconds.
  path: Assets/PreFabs/Spike.prefab
  artifactKey: Guid(c635cdfc364c5c845af31fa508589d5b) Importer(815301076,1909f56bfc062723c751e8b465ee728b)
Start importing Assets/PreFabs/Spike.prefab using Guid(c635cdfc364c5c845af31fa508589d5b) Importer(815301076,1909f56bfc062723c751e8b465ee728b)  -> (artifact id: '169fb87bf24b1dba3ffab5150cebd92e') in 0.030576 seconds 
  Import took 0.040709 seconds .

========================================================================
Received Import Request.
  Time since last request: 6.433663 seconds.
  path: Assets/PreFabs/Spike.prefab
  artifactKey: Guid(c635cdfc364c5c845af31fa508589d5b) Importer(815301076,1909f56bfc062723c751e8b465ee728b)
Start importing Assets/PreFabs/Spike.prefab using Guid(c635cdfc364c5c845af31fa508589d5b) Importer(815301076,1909f56bfc062723c751e8b465ee728b)  -> (artifact id: '66225bfc0649a3defbe3f7f56b1ff4d0') in 0.035971 seconds 
  Import took 0.044308 seconds .

========================================================================
Received Import Request.
  Time since last request: 2.385917 seconds.
  path: Assets/PreFabs/Spike.prefab
  artifactKey: Guid(c635cdfc364c5c845af31fa508589d5b) Importer(815301076,1909f56bfc062723c751e8b465ee728b)
Start importing Assets/PreFabs/Spike.prefab using Guid(c635cdfc364c5c845af31fa508589d5b) Importer(815301076,1909f56bfc062723c751e8b465ee728b)  -> (artifact id: 'c0c43f1e5b6d8a5d76317cd3d67b961c') in 0.029813 seconds 
  Import took 0.039424 seconds .

========================================================================
Received Import Request.
  Time since last request: 6.043377 seconds.
  path: Assets/PreFabs/Spike.prefab
  artifactKey: Guid(c635cdfc364c5c845af31fa508589d5b) Importer(815301076,1909f56bfc062723c751e8b465ee728b)
Start importing Assets/PreFabs/Spike.prefab using Guid(c635cdfc364c5c845af31fa508589d5b) Importer(815301076,1909f56bfc062723c751e8b465ee728b)  -> (artifact id: 'ca70bdb389a698b15f9c17e70228b1aa') in 0.029133 seconds 
  Import took 0.037738 seconds .

========================================================================
Received Import Request.
  Time since last request: 8.457891 seconds.
  path: Assets/PreFabs/Spike.prefab
  artifactKey: Guid(c635cdfc364c5c845af31fa508589d5b) Importer(815301076,1909f56bfc062723c751e8b465ee728b)
Start importing Assets/PreFabs/Spike.prefab using Guid(c635cdfc364c5c845af31fa508589d5b) Importer(815301076,1909f56bfc062723c751e8b465ee728b)  -> (artifact id: '8b49f14f864bdc6cc301a6791fbe434b') in 0.029338 seconds 
  Import took 0.039082 seconds .

========================================================================
Received Import Request.
  Time since last request: 4.607819 seconds.
  path: Assets/PreFabs/Spike.prefab
  artifactKey: Guid(c635cdfc364c5c845af31fa508589d5b) Importer(815301076,1909f56bfc062723c751e8b465ee728b)
Start importing Assets/PreFabs/Spike.prefab using Guid(c635cdfc364c5c845af31fa508589d5b) Importer(815301076,1909f56bfc062723c751e8b465ee728b)  -> (artifact id: 'a12ad4c1eb8cb456d73bfa9e6e292b9a') in 0.024816 seconds 
  Import took 0.033341 seconds .

========================================================================
Received Import Request.
  Time since last request: 6.836722 seconds.
  path: Assets/PreFabs/Spike.prefab
  artifactKey: Guid(c635cdfc364c5c845af31fa508589d5b) Importer(815301076,1909f56bfc062723c751e8b465ee728b)
Start importing Assets/PreFabs/Spike.prefab using Guid(c635cdfc364c5c845af31fa508589d5b) Importer(815301076,1909f56bfc062723c751e8b465ee728b)  -> (artifact id: '01725464926211ffcfe936d7abca8170') in 0.032960 seconds 
  Import took 0.041250 seconds .

========================================================================
Received Import Request.
  Time since last request: 4.807868 seconds.
  path: Assets/PreFabs/Spike.prefab
  artifactKey: Guid(c635cdfc364c5c845af31fa508589d5b) Importer(815301076,1909f56bfc062723c751e8b465ee728b)
Start importing Assets/PreFabs/Spike.prefab using Guid(c635cdfc364c5c845af31fa508589d5b) Importer(815301076,1909f56bfc062723c751e8b465ee728b)  -> (artifact id: 'fbfbc154a1ba0ca136e04c4640f1e072') in 0.032103 seconds 
  Import took 0.040497 seconds .

========================================================================
Received Import Request.
  Time since last request: 4.630322 seconds.
  path: Assets/PreFabs/Spike.prefab
  artifactKey: Guid(c635cdfc364c5c845af31fa508589d5b) Importer(815301076,1909f56bfc062723c751e8b465ee728b)
Start importing Assets/PreFabs/Spike.prefab using Guid(c635cdfc364c5c845af31fa508589d5b) Importer(815301076,1909f56bfc062723c751e8b465ee728b)  -> (artifact id: '9e3ea57f1f2485e68f1edeb59934523c') in 0.033124 seconds 
  Import took 0.042591 seconds .

========================================================================
Received Import Request.
  Time since last request: 12.291801 seconds.
  path: Assets/PreFabs/Spike.prefab
  artifactKey: Guid(c635cdfc364c5c845af31fa508589d5b) Importer(815301076,1909f56bfc062723c751e8b465ee728b)
Start importing Assets/PreFabs/Spike.prefab using Guid(c635cdfc364c5c845af31fa508589d5b) Importer(815301076,1909f56bfc062723c751e8b465ee728b)  -> (artifact id: 'dd83ea4d36ae15f5a54d96e1d106ed45') in 0.028665 seconds 
  Import took 0.037722 seconds .

========================================================================
Received Import Request.
  Time since last request: 8.860810 seconds.
  path: Assets/PreFabs/Spike.prefab
  artifactKey: Guid(c635cdfc364c5c845af31fa508589d5b) Importer(815301076,1909f56bfc062723c751e8b465ee728b)
Start importing Assets/PreFabs/Spike.prefab using Guid(c635cdfc364c5c845af31fa508589d5b) Importer(815301076,1909f56bfc062723c751e8b465ee728b)  -> (artifact id: '966411b151399a2b96a50c00f5bfcfb0') in 0.031036 seconds 
  Import took 0.038772 seconds .

========================================================================
Received Import Request.
  Time since last request: 2.172318 seconds.
  path: Assets/PreFabs/Spike.prefab
  artifactKey: Guid(c635cdfc364c5c845af31fa508589d5b) Importer(815301076,1909f56bfc062723c751e8b465ee728b)
Start importing Assets/PreFabs/Spike.prefab using Guid(c635cdfc364c5c845af31fa508589d5b) Importer(815301076,1909f56bfc062723c751e8b465ee728b)  -> (artifact id: '11d02c42f01afc671f8675fbd343f198') in 0.031382 seconds 
  Import took 0.039881 seconds .

========================================================================
Received Import Request.
  Time since last request: 3.220614 seconds.
  path: Assets/PreFabs/Spike.prefab
  artifactKey: Guid(c635cdfc364c5c845af31fa508589d5b) Importer(815301076,1909f56bfc062723c751e8b465ee728b)
Start importing Assets/PreFabs/Spike.prefab using Guid(c635cdfc364c5c845af31fa508589d5b) Importer(815301076,1909f56bfc062723c751e8b465ee728b)  -> (artifact id: '26126fc4895a77b00dd8b1577a7aede4') in 0.028858 seconds 
  Import took 0.037549 seconds .

========================================================================
Received Import Request.
  Time since last request: 2.169794 seconds.
  path: Assets/PreFabs/Spike.prefab
  artifactKey: Guid(c635cdfc364c5c845af31fa508589d5b) Importer(815301076,1909f56bfc062723c751e8b465ee728b)
Start importing Assets/PreFabs/Spike.prefab using Guid(c635cdfc364c5c845af31fa508589d5b) Importer(815301076,1909f56bfc062723c751e8b465ee728b)  -> (artifact id: 'cabe7cc5a80dafb8d7b1da92a1136d42') in 0.026981 seconds 
  Import took 0.033247 seconds .

========================================================================
Received Import Request.
  Time since last request: 1.582140 seconds.
  path: Assets/PreFabs/Spike.prefab
  artifactKey: Guid(c635cdfc364c5c845af31fa508589d5b) Importer(815301076,1909f56bfc062723c751e8b465ee728b)
Start importing Assets/PreFabs/Spike.prefab using Guid(c635cdfc364c5c845af31fa508589d5b) Importer(815301076,1909f56bfc062723c751e8b465ee728b)  -> (artifact id: 'bcc83f49ffaa3ed7cabfc1c35a00369c') in 0.025259 seconds 
  Import took 0.033186 seconds .

========================================================================
Received Import Request.
  Time since last request: 4.607670 seconds.
  path: Assets/PreFabs/Spike.prefab
  artifactKey: Guid(c635cdfc364c5c845af31fa508589d5b) Importer(815301076,1909f56bfc062723c751e8b465ee728b)
Start importing Assets/PreFabs/Spike.prefab using Guid(c635cdfc364c5c845af31fa508589d5b) Importer(815301076,1909f56bfc062723c751e8b465ee728b)  -> (artifact id: '1a16e3f1c437101c328377a896eb0f59') in 0.032091 seconds 
  Import took 0.041129 seconds .

========================================================================
Received Import Request.
  Time since last request: 7.223570 seconds.
  path: Assets/PreFabs/Spike.prefab
  artifactKey: Guid(c635cdfc364c5c845af31fa508589d5b) Importer(815301076,1909f56bfc062723c751e8b465ee728b)
Start importing Assets/PreFabs/Spike.prefab using Guid(c635cdfc364c5c845af31fa508589d5b) Importer(815301076,1909f56bfc062723c751e8b465ee728b)  -> (artifact id: '5dd974e0494e3622975dd9d9321b5a2a') in 0.027673 seconds 
  Import took 0.037252 seconds .

========================================================================
Received Import Request.
  Time since last request: 3.405342 seconds.
  path: Assets/PreFabs/Spike.prefab
  artifactKey: Guid(c635cdfc364c5c845af31fa508589d5b) Importer(815301076,1909f56bfc062723c751e8b465ee728b)
Start importing Assets/PreFabs/Spike.prefab using Guid(c635cdfc364c5c845af31fa508589d5b) Importer(815301076,1909f56bfc062723c751e8b465ee728b)  -> (artifact id: '98b41670884ade8f78625518963e2f1b') in 0.036565 seconds 
  Import took 0.047435 seconds .

========================================================================
Received Import Request.
  Time since last request: 3.588796 seconds.
  path: Assets/PreFabs/Spike.prefab
  artifactKey: Guid(c635cdfc364c5c845af31fa508589d5b) Importer(815301076,1909f56bfc062723c751e8b465ee728b)
Start importing Assets/PreFabs/Spike.prefab using Guid(c635cdfc364c5c845af31fa508589d5b) Importer(815301076,1909f56bfc062723c751e8b465ee728b)  -> (artifact id: '1b9116fb02b0d92511ff23eda6a30cd9') in 0.034108 seconds 
  Import took 0.042161 seconds .

========================================================================
Received Import Request.
  Time since last request: 3.200807 seconds.
  path: Assets/PreFabs/Spike.prefab
  artifactKey: Guid(c635cdfc364c5c845af31fa508589d5b) Importer(815301076,1909f56bfc062723c751e8b465ee728b)
Start importing Assets/PreFabs/Spike.prefab using Guid(c635cdfc364c5c845af31fa508589d5b) Importer(815301076,1909f56bfc062723c751e8b465ee728b)  -> (artifact id: '5a33c96874aebcd4fc92d163cc07cf81') in 0.030936 seconds 
  Import took 0.040577 seconds .

========================================================================
Received Import Request.
  Time since last request: 4.599982 seconds.
  path: Assets/PreFabs/Spike.prefab
  artifactKey: Guid(c635cdfc364c5c845af31fa508589d5b) Importer(815301076,1909f56bfc062723c751e8b465ee728b)
Start importing Assets/PreFabs/Spike.prefab using Guid(c635cdfc364c5c845af31fa508589d5b) Importer(815301076,1909f56bfc062723c751e8b465ee728b)  -> (artifact id: '8572dd9f3442ea98a32942cc2f085d86') in 0.032435 seconds 
  Import took 0.041691 seconds .

========================================================================
Received Import Request.
  Time since last request: 5.815093 seconds.
  path: Assets/PreFabs/Spike.prefab
  artifactKey: Guid(c635cdfc364c5c845af31fa508589d5b) Importer(815301076,1909f56bfc062723c751e8b465ee728b)
Start importing Assets/PreFabs/Spike.prefab using Guid(c635cdfc364c5c845af31fa508589d5b) Importer(815301076,1909f56bfc062723c751e8b465ee728b)  -> (artifact id: '90af87085fa423a373d73929d1a79f22') in 0.034232 seconds 
  Import took 0.043095 seconds .

========================================================================
Received Import Request.
  Time since last request: 4.600237 seconds.
  path: Assets/PreFabs/Spike.prefab
  artifactKey: Guid(c635cdfc364c5c845af31fa508589d5b) Importer(815301076,1909f56bfc062723c751e8b465ee728b)
Start importing Assets/PreFabs/Spike.prefab using Guid(c635cdfc364c5c845af31fa508589d5b) Importer(815301076,1909f56bfc062723c751e8b465ee728b)  -> (artifact id: 'e2a1d015112ab2be0b177af61d3fb742') in 0.032067 seconds 
  Import took 0.044896 seconds .

========================================================================
Received Import Request.
  Time since last request: 6.225444 seconds.
  path: Assets/PreFabs/Spike.prefab
  artifactKey: Guid(c635cdfc364c5c845af31fa508589d5b) Importer(815301076,1909f56bfc062723c751e8b465ee728b)
Start importing Assets/PreFabs/Spike.prefab using Guid(c635cdfc364c5c845af31fa508589d5b) Importer(815301076,1909f56bfc062723c751e8b465ee728b)  -> (artifact id: 'de96d1c8e4762ad62b6193638f6c0ab9') in 0.034105 seconds 
  Import took 0.043641 seconds .

========================================================================
Received Import Request.
  Time since last request: 2.382741 seconds.
  path: Assets/PreFabs/Spike.prefab
  artifactKey: Guid(c635cdfc364c5c845af31fa508589d5b) Importer(815301076,1909f56bfc062723c751e8b465ee728b)
Start importing Assets/PreFabs/Spike.prefab using Guid(c635cdfc364c5c845af31fa508589d5b) Importer(815301076,1909f56bfc062723c751e8b465ee728b)  -> (artifact id: '2eae84f8e8e3083d889d2e1837d93685') in 0.027046 seconds 
  Import took 0.035997 seconds .

========================================================================
Received Import Request.
  Time since last request: 3.001673 seconds.
  path: Assets/PreFabs/Spike.prefab
  artifactKey: Guid(c635cdfc364c5c845af31fa508589d5b) Importer(815301076,1909f56bfc062723c751e8b465ee728b)
Start importing Assets/PreFabs/Spike.prefab using Guid(c635cdfc364c5c845af31fa508589d5b) Importer(815301076,1909f56bfc062723c751e8b465ee728b)  -> (artifact id: 'd617d7f35005bb86f919f51f705c37d4') in 0.036983 seconds 
  Import took 0.046926 seconds .

========================================================================
Received Import Request.
  Time since last request: 5.799683 seconds.
  path: Assets/PreFabs/Spike.prefab
  artifactKey: Guid(c635cdfc364c5c845af31fa508589d5b) Importer(815301076,1909f56bfc062723c751e8b465ee728b)
Start importing Assets/PreFabs/Spike.prefab using Guid(c635cdfc364c5c845af31fa508589d5b) Importer(815301076,1909f56bfc062723c751e8b465ee728b)  -> (artifact id: '6c879a622925bdb1eba5b53b7cb74c86') in 0.032281 seconds 
  Import took 0.041336 seconds .

========================================================================
Received Import Request.
  Time since last request: 4.416248 seconds.
  path: Assets/PreFabs/Spike.prefab
  artifactKey: Guid(c635cdfc364c5c845af31fa508589d5b) Importer(815301076,1909f56bfc062723c751e8b465ee728b)
Start importing Assets/PreFabs/Spike.prefab using Guid(c635cdfc364c5c845af31fa508589d5b) Importer(815301076,1909f56bfc062723c751e8b465ee728b)  -> (artifact id: '0d1cca9da292cf00ceff0f0d34688589') in 0.032522 seconds 
  Import took 0.040848 seconds .

========================================================================
Received Import Request.
  Time since last request: 3.212654 seconds.
  path: Assets/PreFabs/Spike.prefab
  artifactKey: Guid(c635cdfc364c5c845af31fa508589d5b) Importer(815301076,1909f56bfc062723c751e8b465ee728b)
Start importing Assets/PreFabs/Spike.prefab using Guid(c635cdfc364c5c845af31fa508589d5b) Importer(815301076,1909f56bfc062723c751e8b465ee728b)  -> (artifact id: '4b1ae68f12507d5d86751412b7ecb5c1') in 0.034655 seconds 
  Import took 0.042886 seconds .

========================================================================
Received Import Request.
  Time since last request: 2.206049 seconds.
  path: Assets/PreFabs/Spike.prefab
  artifactKey: Guid(c635cdfc364c5c845af31fa508589d5b) Importer(815301076,1909f56bfc062723c751e8b465ee728b)
Start importing Assets/PreFabs/Spike.prefab using Guid(c635cdfc364c5c845af31fa508589d5b) Importer(815301076,1909f56bfc062723c751e8b465ee728b)  -> (artifact id: '33947826114643810731a2db75bef3c6') in 0.033384 seconds 
  Import took 0.041491 seconds .

========================================================================
Received Import Request.
  Time since last request: 4.441282 seconds.
  path: Assets/PreFabs/Spike.prefab
  artifactKey: Guid(c635cdfc364c5c845af31fa508589d5b) Importer(815301076,1909f56bfc062723c751e8b465ee728b)
Start importing Assets/PreFabs/Spike.prefab using Guid(c635cdfc364c5c845af31fa508589d5b) Importer(815301076,1909f56bfc062723c751e8b465ee728b)  -> (artifact id: '3b50a4773581283913b9acea81601067') in 0.030747 seconds 
  Import took 0.038010 seconds .

========================================================================
Received Import Request.
  Time since last request: 16.981043 seconds.
  path: Assets/PreFabs/Spike.prefab
  artifactKey: Guid(c635cdfc364c5c845af31fa508589d5b) Importer(815301076,1909f56bfc062723c751e8b465ee728b)
Start importing Assets/PreFabs/Spike.prefab using Guid(c635cdfc364c5c845af31fa508589d5b) Importer(815301076,1909f56bfc062723c751e8b465ee728b)  -> (artifact id: '1dc248a80b92aae2d6d91580baa65df8') in 0.034698 seconds 
  Import took 0.042419 seconds .

========================================================================
Received Import Request.
  Time since last request: 3.172442 seconds.
  path: Assets/PreFabs/Spike.prefab
  artifactKey: Guid(c635cdfc364c5c845af31fa508589d5b) Importer(815301076,1909f56bfc062723c751e8b465ee728b)
Start importing Assets/PreFabs/Spike.prefab using Guid(c635cdfc364c5c845af31fa508589d5b) Importer(815301076,1909f56bfc062723c751e8b465ee728b)  -> (artifact id: '543060c5d9c575442b5e93ad9f9a1548') in 0.023906 seconds 
  Import took 0.035418 seconds .

========================================================================
Received Import Request.
  Time since last request: 49.402154 seconds.
  path: Assets/PreFabs/Spike.prefab
  artifactKey: Guid(c635cdfc364c5c845af31fa508589d5b) Importer(815301076,1909f56bfc062723c751e8b465ee728b)
Start importing Assets/PreFabs/Spike.prefab using Guid(c635cdfc364c5c845af31fa508589d5b) Importer(815301076,1909f56bfc062723c751e8b465ee728b) The Animator Controller (Spike) you have used is not valid. Animations will not play
UnityEngine.StackTraceUtility:ExtractStackTrace ()
UnityEditor.EditorUtility:Internal_InstantiateRemoveAllNonAnimationComponentsSingle (UnityEngine.Object,UnityEngine.Vector3,UnityEngine.Quaternion)
UnityEditor.EditorUtility:InstantiateRemoveAllNonAnimationComponents (UnityEngine.Object,UnityEngine.Vector3,UnityEngine.Quaternion)
UnityEditor.EditorUtility:InstantiateForAnimatorPreview (UnityEngine.Object)
UnityEditor.GameObjectInspector/PreviewData:UpdateGameObject (UnityEngine.Object)
UnityEditor.GameObjectInspector/PreviewData:.ctor (UnityEngine.Object)
UnityEditor.GameObjectInspector:GetPreviewData ()
UnityEditor.GameObjectInspector:RenderStaticPreview (string,UnityEngine.Object[],int,int)
UnityEditor.AssetPreviewUpdater:CreatePreviewForAsset (UnityEngine.Object,UnityEngine.Object[],string)

[C:\buildslave\unity\build\Modules/Animation/Director/AnimatorControllerPlayable.cpp line 333]

The Animator Controller (Spike) you have used is not valid. Animations will not play
UnityEngine.StackTraceUtility:ExtractStackTrace ()
UnityEditor.EditorUtility:InitInstantiatedPreviewRecursive (UnityEngine.GameObject)
UnityEditor.EditorUtility:InstantiateForAnimatorPreview (UnityEngine.Object)
UnityEditor.GameObjectInspector/PreviewData:UpdateGameObject (UnityEngine.Object)
UnityEditor.GameObjectInspector/PreviewData:.ctor (UnityEngine.Object)
UnityEditor.GameObjectInspector:GetPreviewData ()
UnityEditor.GameObjectInspector:RenderStaticPreview (string,UnityEngine.Object[],int,int)
UnityEditor.AssetPreviewUpdater:CreatePreviewForAsset (UnityEngine.Object,UnityEngine.Object[],string)

[C:\buildslave\unity\build\Modules/Animation/Director/AnimatorControllerPlayable.cpp line 333]

 -> (artifact id: 'c5e60cb75eeada59cbdc0b47dcd0576c') in 0.032781 seconds 
  Import took 0.042645 seconds .

========================================================================
Received Prepare
Registering precompiled user dll's ...
Registered in 0.010504 seconds.
Begin MonoManager ReloadAssembly
Native extension for WindowsStandalone target not found
Refreshing native plugins compatible for Editor in 0.80 ms, found 2 plugins.
Preloading 0 native plugins for Editor in 0.00 ms.
Mono: successfully reloaded assembly
- Completed reload, in  2.954 seconds
Domain Reload Profiling:
	ReloadAssembly (2955ms)
		BeginReloadAssembly (334ms)
			ExecutionOrderSort (0ms)
			DisableScriptedObjects (17ms)
			BackupInstance (0ms)
			ReleaseScriptingObjects (0ms)
			CreateAndSetChildDomain (89ms)
		EndReloadAssembly (2398ms)
			LoadAssemblies (291ms)
			RebuildTransferFunctionScriptingTraits (0ms)
			SetupTypeCache (837ms)
			ReleaseScriptCaches (2ms)
			RebuildScriptCaches (123ms)
			SetupLoadedEditorAssemblies (907ms)
				LogAssemblyErrors (0ms)
				InitializePlatformSupportModulesInManaged (13ms)
				SetLoadedEditorAssemblies (1ms)
				RefreshPlugins (1ms)
				BeforeProcessingInitializeOnLoad (239ms)
				ProcessInitializeOnLoadAttributes (591ms)
				ProcessInitializeOnLoadMethodAttributes (44ms)
				AfterProcessingInitializeOnLoad (17ms)
				EditorAssembliesLoaded (1ms)
			ExecutionOrderSort2 (0ms)
			AwakeInstancesAfterBackupRestoration (17ms)
Platform modules already initialized, skipping
Refreshing native plugins compatible for Editor in 1.38 ms, found 2 plugins.
Preloading 0 native plugins for Editor in 0.00 ms.
Unloading 2016 Unused Serialized files (Serialized files now loaded: 0)
System memory in use before: 111.4 MB.
System memory in use after: 111.5 MB.

Unloading 13 unused Assets to reduce memory usage. Loaded Objects now: 2526.
Total: 6.787700 ms (FindLiveObjects: 0.207900 ms CreateObjectMapping: 0.060500 ms MarkObjects: 6.275300 ms  DeleteObjects: 0.241500 ms)

AssetImportParameters requested are different than current active one (requested -> active):
  custom:framework-win-MediaFoundation: 216162199b28c13a410421893ffa2e32 -> 
  custom:video-decoder-ogg-theora: a1e56fd34408186e4bbccfd4996cb3dc -> 
  custom:container-muxer-webm: aa71ff27fc2769a1b78a27578f13a17b -> 
  custom:container-demuxer-webm: 4f35f7cbe854078d1ac9338744f61a02 -> 
  custom:container-demuxer-ogg: 62fdf1f143b41e24485cea50d1cbac27 -> 
  custom:video-encoder-webm-vp8: eb34c28f22e8b96e1ab97ce403110664 -> 
  custom:video-codec-MediaFoundation-h265: 746d11721c4dcdbdad8f713fa42b33f4 -> 
  custom:video-decoder-webm-vp8: 9c59270c3fd7afecdb556c50c9e8de78 -> 
  custom:audio-decoder-ogg-vorbis: bf7c407c2cedff20999df2af8eb42d56 -> 
  custom:audio-encoder-webm-vorbis: bf7c407c2cedff20999df2af8eb42d56 -> 
========================================================================
Received Import Request.
  Time since last request: 26.553936 seconds.
  path: Assets/PreFabs/Spike.prefab
  artifactKey: Guid(c635cdfc364c5c845af31fa508589d5b) Importer(815301076,1909f56bfc062723c751e8b465ee728b)
Start importing Assets/PreFabs/Spike.prefab using Guid(c635cdfc364c5c845af31fa508589d5b) Importer(815301076,1909f56bfc062723c751e8b465ee728b) The Animator Controller (Spike) you have used is not valid. Animations will not play
UnityEngine.StackTraceUtility:ExtractStackTrace ()
UnityEditor.EditorUtility:Internal_InstantiateRemoveAllNonAnimationComponentsSingle (UnityEngine.Object,UnityEngine.Vector3,UnityEngine.Quaternion)
UnityEditor.EditorUtility:InstantiateRemoveAllNonAnimationComponents (UnityEngine.Object,UnityEngine.Vector3,UnityEngine.Quaternion)
UnityEditor.EditorUtility:InstantiateForAnimatorPreview (UnityEngine.Object)
UnityEditor.GameObjectInspector/PreviewData:UpdateGameObject (UnityEngine.Object)
UnityEditor.GameObjectInspector/PreviewData:.ctor (UnityEngine.Object)
UnityEditor.GameObjectInspector:GetPreviewData ()
UnityEditor.GameObjectInspector:RenderStaticPreview (string,UnityEngine.Object[],int,int)
UnityEditor.AssetPreviewUpdater:CreatePreviewForAsset (UnityEngine.Object,UnityEngine.Object[],string)

[C:\buildslave\unity\build\Modules/Animation/Director/AnimatorControllerPlayable.cpp line 333]

The Animator Controller (Spike) you have used is not valid. Animations will not play
UnityEngine.StackTraceUtility:ExtractStackTrace ()
UnityEditor.EditorUtility:InitInstantiatedPreviewRecursive (UnityEngine.GameObject)
UnityEditor.EditorUtility:InstantiateForAnimatorPreview (UnityEngine.Object)
UnityEditor.GameObjectInspector/PreviewData:UpdateGameObject (UnityEngine.Object)
UnityEditor.GameObjectInspector/PreviewData:.ctor (UnityEngine.Object)
UnityEditor.GameObjectInspector:GetPreviewData ()
UnityEditor.GameObjectInspector:RenderStaticPreview (string,UnityEngine.Object[],int,int)
UnityEditor.AssetPreviewUpdater:CreatePreviewForAsset (UnityEngine.Object,UnityEngine.Object[],string)

[C:\buildslave\unity\build\Modules/Animation/Director/AnimatorControllerPlayable.cpp line 333]

 -> (artifact id: '9e98d6a3143465cd2f3d25dc38e762ab') in 8.515050 seconds 
  Import took 8.524806 seconds .

========================================================================
Received Prepare
Registering precompiled user dll's ...
Registered in 0.008171 seconds.
Begin MonoManager ReloadAssembly
Native extension for WindowsStandalone target not found
Refreshing native plugins compatible for Editor in 1.13 ms, found 2 plugins.
Preloading 0 native plugins for Editor in 0.00 ms.
Mono: successfully reloaded assembly
- Completed reload, in  3.490 seconds
Domain Reload Profiling:
	ReloadAssembly (3491ms)
		BeginReloadAssembly (325ms)
			ExecutionOrderSort (0ms)
			DisableScriptedObjects (14ms)
			BackupInstance (0ms)
			ReleaseScriptingObjects (0ms)
			CreateAndSetChildDomain (87ms)
		EndReloadAssembly (2954ms)
			LoadAssemblies (295ms)
			RebuildTransferFunctionScriptingTraits (0ms)
			SetupTypeCache (837ms)
			ReleaseScriptCaches (3ms)
			RebuildScriptCaches (129ms)
			SetupLoadedEditorAssemblies (1349ms)
				LogAssemblyErrors (0ms)
				InitializePlatformSupportModulesInManaged (15ms)
				SetLoadedEditorAssemblies (2ms)
				RefreshPlugins (1ms)
				BeforeProcessingInitializeOnLoad (227ms)
				ProcessInitializeOnLoadAttributes (998ms)
				ProcessInitializeOnLoadMethodAttributes (76ms)
				AfterProcessingInitializeOnLoad (28ms)
				EditorAssembliesLoaded (1ms)
			ExecutionOrderSort2 (0ms)
			AwakeInstancesAfterBackupRestoration (28ms)
Platform modules already initialized, skipping
Refreshing native plugins compatible for Editor in 1.03 ms, found 2 plugins.
Preloading 0 native plugins for Editor in 0.00 ms.
Unloading 2016 Unused Serialized files (Serialized files now loaded: 0)
System memory in use before: 111.4 MB.
System memory in use after: 111.4 MB.

Unloading 13 unused Assets to reduce memory usage. Loaded Objects now: 2530.
Total: 8.726600 ms (FindLiveObjects: 0.310800 ms CreateObjectMapping: 0.167400 ms MarkObjects: 7.911600 ms  DeleteObjects: 0.333600 ms)

AssetImportParameters requested are different than current active one (requested -> active):
  custom:framework-win-MediaFoundation: 216162199b28c13a410421893ffa2e32 -> 
  custom:video-decoder-ogg-theora: a1e56fd34408186e4bbccfd4996cb3dc -> 
  custom:container-muxer-webm: aa71ff27fc2769a1b78a27578f13a17b -> 
  custom:container-demuxer-webm: 4f35f7cbe854078d1ac9338744f61a02 -> 
  custom:container-demuxer-ogg: 62fdf1f143b41e24485cea50d1cbac27 -> 
  custom:video-encoder-webm-vp8: eb34c28f22e8b96e1ab97ce403110664 -> 
  custom:video-codec-MediaFoundation-h265: 746d11721c4dcdbdad8f713fa42b33f4 -> 
  custom:video-decoder-webm-vp8: 9c59270c3fd7afecdb556c50c9e8de78 -> 
  custom:audio-decoder-ogg-vorbis: bf7c407c2cedff20999df2af8eb42d56 -> 
  custom:audio-encoder-webm-vorbis: bf7c407c2cedff20999df2af8eb42d56 -> 
========================================================================
Received Import Request.
  Time since last request: 40.302391 seconds.
  path: Assets/PreFabs/Spike.prefab
  artifactKey: Guid(c635cdfc364c5c845af31fa508589d5b) Importer(815301076,1909f56bfc062723c751e8b465ee728b)
Start importing Assets/PreFabs/Spike.prefab using Guid(c635cdfc364c5c845af31fa508589d5b) Importer(815301076,1909f56bfc062723c751e8b465ee728b) The Animator Controller (Spike) you have used is not valid. Animations will not play
UnityEngine.StackTraceUtility:ExtractStackTrace ()
UnityEditor.EditorUtility:Internal_InstantiateRemoveAllNonAnimationComponentsSingle (UnityEngine.Object,UnityEngine.Vector3,UnityEngine.Quaternion)
UnityEditor.EditorUtility:InstantiateRemoveAllNonAnimationComponents (UnityEngine.Object,UnityEngine.Vector3,UnityEngine.Quaternion)
UnityEditor.EditorUtility:InstantiateForAnimatorPreview (UnityEngine.Object)
UnityEditor.GameObjectInspector/PreviewData:UpdateGameObject (UnityEngine.Object)
UnityEditor.GameObjectInspector/PreviewData:.ctor (UnityEngine.Object)
UnityEditor.GameObjectInspector:GetPreviewData ()
UnityEditor.GameObjectInspector:RenderStaticPreview (string,UnityEngine.Object[],int,int)
UnityEditor.AssetPreviewUpdater:CreatePreviewForAsset (UnityEngine.Object,UnityEngine.Object[],string)

[C:\buildslave\unity\build\Modules/Animation/Director/AnimatorControllerPlayable.cpp line 333]

The Animator Controller (Spike) you have used is not valid. Animations will not play
UnityEngine.StackTraceUtility:ExtractStackTrace ()
UnityEditor.EditorUtility:InitInstantiatedPreviewRecursive (UnityEngine.GameObject)
UnityEditor.EditorUtility:InstantiateForAnimatorPreview (UnityEngine.Object)
UnityEditor.GameObjectInspector/PreviewData:UpdateGameObject (UnityEngine.Object)
UnityEditor.GameObjectInspector/PreviewData:.ctor (UnityEngine.Object)
UnityEditor.GameObjectInspector:GetPreviewData ()
UnityEditor.GameObjectInspector:RenderStaticPreview (string,UnityEngine.Object[],int,int)
UnityEditor.AssetPreviewUpdater:CreatePreviewForAsset (UnityEngine.Object,UnityEngine.Object[],string)

[C:\buildslave\unity\build\Modules/Animation/Director/AnimatorControllerPlayable.cpp line 333]

 -> (artifact id: 'd893bce07b107b60e72a21a2f5738187') in 8.647760 seconds 
  Import took 8.657323 seconds .

========================================================================
Received Prepare
Registering precompiled user dll's ...
Registered in 0.008191 seconds.
Begin MonoManager ReloadAssembly
Native extension for WindowsStandalone target not found
Refreshing native plugins compatible for Editor in 1.33 ms, found 2 plugins.
Preloading 0 native plugins for Editor in 0.00 ms.
Mono: successfully reloaded assembly
- Completed reload, in  3.118 seconds
Domain Reload Profiling:
	ReloadAssembly (3119ms)
		BeginReloadAssembly (360ms)
			ExecutionOrderSort (0ms)
			DisableScriptedObjects (14ms)
			BackupInstance (0ms)
			ReleaseScriptingObjects (0ms)
			CreateAndSetChildDomain (100ms)
		EndReloadAssembly (2526ms)
			LoadAssemblies (315ms)
			RebuildTransferFunctionScriptingTraits (0ms)
			SetupTypeCache (862ms)
			ReleaseScriptCaches (2ms)
			RebuildScriptCaches (114ms)
			SetupLoadedEditorAssemblies (972ms)
				LogAssemblyErrors (0ms)
				InitializePlatformSupportModulesInManaged (14ms)
				SetLoadedEditorAssemblies (3ms)
				RefreshPlugins (2ms)
				BeforeProcessingInitializeOnLoad (247ms)
				ProcessInitializeOnLoadAttributes (644ms)
				ProcessInitializeOnLoadMethodAttributes (44ms)
				AfterProcessingInitializeOnLoad (19ms)
				EditorAssembliesLoaded (1ms)
			ExecutionOrderSort2 (0ms)
			AwakeInstancesAfterBackupRestoration (19ms)
Platform modules already initialized, skipping
Refreshing native plugins compatible for Editor in 1.02 ms, found 2 plugins.
Preloading 0 native plugins for Editor in 0.00 ms.
Unloading 2016 Unused Serialized files (Serialized files now loaded: 0)
System memory in use before: 111.5 MB.
System memory in use after: 111.5 MB.

Unloading 13 unused Assets to reduce memory usage. Loaded Objects now: 2534.
Total: 7.152500 ms (FindLiveObjects: 0.305100 ms CreateObjectMapping: 0.144900 ms MarkObjects: 6.367200 ms  DeleteObjects: 0.332300 ms)

AssetImportParameters requested are different than current active one (requested -> active):
  custom:framework-win-MediaFoundation: 216162199b28c13a410421893ffa2e32 -> 
  custom:video-decoder-ogg-theora: a1e56fd34408186e4bbccfd4996cb3dc -> 
  custom:container-muxer-webm: aa71ff27fc2769a1b78a27578f13a17b -> 
  custom:container-demuxer-webm: 4f35f7cbe854078d1ac9338744f61a02 -> 
  custom:container-demuxer-ogg: 62fdf1f143b41e24485cea50d1cbac27 -> 
  custom:video-encoder-webm-vp8: eb34c28f22e8b96e1ab97ce403110664 -> 
  custom:video-codec-MediaFoundation-h265: 746d11721c4dcdbdad8f713fa42b33f4 -> 
  custom:video-decoder-webm-vp8: 9c59270c3fd7afecdb556c50c9e8de78 -> 
  custom:audio-decoder-ogg-vorbis: bf7c407c2cedff20999df2af8eb42d56 -> 
  custom:audio-encoder-webm-vorbis: bf7c407c2cedff20999df2af8eb42d56 -> 
========================================================================
Received Import Request.
  Time since last request: 22.282348 seconds.
  path: Assets/PreFabs/Spike.prefab
  artifactKey: Guid(c635cdfc364c5c845af31fa508589d5b) Importer(815301076,1909f56bfc062723c751e8b465ee728b)
Start importing Assets/PreFabs/Spike.prefab using Guid(c635cdfc364c5c845af31fa508589d5b) Importer(815301076,1909f56bfc062723c751e8b465ee728b) The Animator Controller (Spike) you have used is not valid. Animations will not play
UnityEngine.StackTraceUtility:ExtractStackTrace ()
UnityEditor.EditorUtility:Internal_InstantiateRemoveAllNonAnimationComponentsSingle (UnityEngine.Object,UnityEngine.Vector3,UnityEngine.Quaternion)
UnityEditor.EditorUtility:InstantiateRemoveAllNonAnimationComponents (UnityEngine.Object,UnityEngine.Vector3,UnityEngine.Quaternion)
UnityEditor.EditorUtility:InstantiateForAnimatorPreview (UnityEngine.Object)
UnityEditor.GameObjectInspector/PreviewData:UpdateGameObject (UnityEngine.Object)
UnityEditor.GameObjectInspector/PreviewData:.ctor (UnityEngine.Object)
UnityEditor.GameObjectInspector:GetPreviewData ()
UnityEditor.GameObjectInspector:RenderStaticPreview (string,UnityEngine.Object[],int,int)
UnityEditor.AssetPreviewUpdater:CreatePreviewForAsset (UnityEngine.Object,UnityEngine.Object[],string)

[C:\buildslave\unity\build\Modules/Animation/Director/AnimatorControllerPlayable.cpp line 333]

The Animator Controller (Spike) you have used is not valid. Animations will not play
UnityEngine.StackTraceUtility:ExtractStackTrace ()
UnityEditor.EditorUtility:InitInstantiatedPreviewRecursive (UnityEngine.GameObject)
UnityEditor.EditorUtility:InstantiateForAnimatorPreview (UnityEngine.Object)
UnityEditor.GameObjectInspector/PreviewData:UpdateGameObject (UnityEngine.Object)
UnityEditor.GameObjectInspector/PreviewData:.ctor (UnityEngine.Object)
UnityEditor.GameObjectInspector:GetPreviewData ()
UnityEditor.GameObjectInspector:RenderStaticPreview (string,UnityEngine.Object[],int,int)
UnityEditor.AssetPreviewUpdater:CreatePreviewForAsset (UnityEngine.Object,UnityEngine.Object[],string)

[C:\buildslave\unity\build\Modules/Animation/Director/AnimatorControllerPlayable.cpp line 333]

 -> (artifact id: '3b3f7c1f0825918890a68365ec00f8ce') in 8.589847 seconds 
  Import took 8.599209 seconds .

========================================================================
Received Import Request.
  Time since last request: 0.000361 seconds.
  path: Assets/PreFabs/Spike.prefab
  artifactKey: Guid(c635cdfc364c5c845af31fa508589d5b) Importer(815301076,1909f56bfc062723c751e8b465ee728b)
Start importing Assets/PreFabs/Spike.prefab using Guid(c635cdfc364c5c845af31fa508589d5b) Importer(815301076,1909f56bfc062723c751e8b465ee728b) The Animator Controller (Spike) you have used is not valid. Animations will not play
UnityEngine.StackTraceUtility:ExtractStackTrace ()
UnityEditor.EditorUtility:Internal_InstantiateRemoveAllNonAnimationComponentsSingle (UnityEngine.Object,UnityEngine.Vector3,UnityEngine.Quaternion)
UnityEditor.EditorUtility:InstantiateRemoveAllNonAnimationComponents (UnityEngine.Object,UnityEngine.Vector3,UnityEngine.Quaternion)
UnityEditor.EditorUtility:InstantiateForAnimatorPreview (UnityEngine.Object)
UnityEditor.GameObjectInspector/PreviewData:UpdateGameObject (UnityEngine.Object)
UnityEditor.GameObjectInspector/PreviewData:.ctor (UnityEngine.Object)
UnityEditor.GameObjectInspector:GetPreviewData ()
UnityEditor.GameObjectInspector:RenderStaticPreview (string,UnityEngine.Object[],int,int)
UnityEditor.AssetPreviewUpdater:CreatePreviewForAsset (UnityEngine.Object,UnityEngine.Object[],string)

[C:\buildslave\unity\build\Modules/Animation/Director/AnimatorControllerPlayable.cpp line 333]

The Animator Controller (Spike) you have used is not valid. Animations will not play
UnityEngine.StackTraceUtility:ExtractStackTrace ()
UnityEditor.EditorUtility:InitInstantiatedPreviewRecursive (UnityEngine.GameObject)
UnityEditor.EditorUtility:InstantiateForAnimatorPreview (UnityEngine.Object)
UnityEditor.GameObjectInspector/PreviewData:UpdateGameObject (UnityEngine.Object)
UnityEditor.GameObjectInspector/PreviewData:.ctor (UnityEngine.Object)
UnityEditor.GameObjectInspector:GetPreviewData ()
UnityEditor.GameObjectInspector:RenderStaticPreview (string,UnityEngine.Object[],int,int)
UnityEditor.AssetPreviewUpdater:CreatePreviewForAsset (UnityEngine.Object,UnityEngine.Object[],string)

[C:\buildslave\unity\build\Modules/Animation/Director/AnimatorControllerPlayable.cpp line 333]

 -> (artifact id: '73618c9670fff60c5a24624106c367b3') in 0.024975 seconds 
  Import took 0.034045 seconds .

========================================================================
Received Import Request.
  Time since last request: 1.998222 seconds.
  path: Assets/PreFabs/Spike.prefab
  artifactKey: Guid(c635cdfc364c5c845af31fa508589d5b) Importer(815301076,1909f56bfc062723c751e8b465ee728b)
Start importing Assets/PreFabs/Spike.prefab using Guid(c635cdfc364c5c845af31fa508589d5b) Importer(815301076,1909f56bfc062723c751e8b465ee728b) The Animator Controller (Spike) you have used is not valid. Animations will not play
UnityEngine.StackTraceUtility:ExtractStackTrace ()
UnityEditor.EditorUtility:Internal_InstantiateRemoveAllNonAnimationComponentsSingle (UnityEngine.Object,UnityEngine.Vector3,UnityEngine.Quaternion)
UnityEditor.EditorUtility:InstantiateRemoveAllNonAnimationComponents (UnityEngine.Object,UnityEngine.Vector3,UnityEngine.Quaternion)
UnityEditor.EditorUtility:InstantiateForAnimatorPreview (UnityEngine.Object)
UnityEditor.GameObjectInspector/PreviewData:UpdateGameObject (UnityEngine.Object)
UnityEditor.GameObjectInspector/PreviewData:.ctor (UnityEngine.Object)
UnityEditor.GameObjectInspector:GetPreviewData ()
UnityEditor.GameObjectInspector:RenderStaticPreview (string,UnityEngine.Object[],int,int)
UnityEditor.AssetPreviewUpdater:CreatePreviewForAsset (UnityEngine.Object,UnityEngine.Object[],string)

[C:\buildslave\unity\build\Modules/Animation/Director/AnimatorControllerPlayable.cpp line 333]

The Animator Controller (Spike) you have used is not valid. Animations will not play
UnityEngine.StackTraceUtility:ExtractStackTrace ()
UnityEditor.EditorUtility:InitInstantiatedPreviewRecursive (UnityEngine.GameObject)
UnityEditor.EditorUtility:InstantiateForAnimatorPreview (UnityEngine.Object)
UnityEditor.GameObjectInspector/PreviewData:UpdateGameObject (UnityEngine.Object)
UnityEditor.GameObjectInspector/PreviewData:.ctor (UnityEngine.Object)
UnityEditor.GameObjectInspector:GetPreviewData ()
UnityEditor.GameObjectInspector:RenderStaticPreview (string,UnityEngine.Object[],int,int)
UnityEditor.AssetPreviewUpdater:CreatePreviewForAsset (UnityEngine.Object,UnityEngine.Object[],string)

[C:\buildslave\unity\build\Modules/Animation/Director/AnimatorControllerPlayable.cpp line 333]

 -> (artifact id: '804be3aaa0f4b6879779153055ea02f4') in 0.023314 seconds 
  Import took 0.031249 seconds .

========================================================================
Received Prepare
Registering precompiled user dll's ...
Registered in 0.008018 seconds.
Begin MonoManager ReloadAssembly
Native extension for WindowsStandalone target not found
Refreshing native plugins compatible for Editor in 1.03 ms, found 2 plugins.
Preloading 0 native plugins for Editor in 0.00 ms.
Mono: successfully reloaded assembly
- Completed reload, in  3.103 seconds
Domain Reload Profiling:
	ReloadAssembly (3104ms)
		BeginReloadAssembly (328ms)
			ExecutionOrderSort (0ms)
			DisableScriptedObjects (13ms)
			BackupInstance (0ms)
			ReleaseScriptingObjects (0ms)
			CreateAndSetChildDomain (95ms)
		EndReloadAssembly (2566ms)
			LoadAssemblies (289ms)
			RebuildTransferFunctionScriptingTraits (0ms)
			SetupTypeCache (921ms)
			ReleaseScriptCaches (2ms)
			RebuildScriptCaches (123ms)
			SetupLoadedEditorAssemblies (965ms)
				LogAssemblyErrors (0ms)
				InitializePlatformSupportModulesInManaged (15ms)
				SetLoadedEditorAssemblies (2ms)
				RefreshPlugins (1ms)
				BeforeProcessingInitializeOnLoad (258ms)
				ProcessInitializeOnLoadAttributes (637ms)
				ProcessInitializeOnLoadMethodAttributes (36ms)
				AfterProcessingInitializeOnLoad (15ms)
				EditorAssembliesLoaded (1ms)
			ExecutionOrderSort2 (0ms)
			AwakeInstancesAfterBackupRestoration (18ms)
Platform modules already initialized, skipping
Refreshing native plugins compatible for Editor in 1.04 ms, found 2 plugins.
Preloading 0 native plugins for Editor in 0.00 ms.
Unloading 2016 Unused Serialized files (Serialized files now loaded: 0)
System memory in use before: 111.5 MB.
System memory in use after: 111.6 MB.

Unloading 13 unused Assets to reduce memory usage. Loaded Objects now: 2538.
Total: 7.182300 ms (FindLiveObjects: 0.587300 ms CreateObjectMapping: 0.253900 ms MarkObjects: 6.118100 ms  DeleteObjects: 0.220400 ms)

AssetImportParameters requested are different than current active one (requested -> active):
  custom:framework-win-MediaFoundation: 216162199b28c13a410421893ffa2e32 -> 
  custom:video-decoder-ogg-theora: a1e56fd34408186e4bbccfd4996cb3dc -> 
  custom:container-muxer-webm: aa71ff27fc2769a1b78a27578f13a17b -> 
  custom:container-demuxer-webm: 4f35f7cbe854078d1ac9338744f61a02 -> 
  custom:container-demuxer-ogg: 62fdf1f143b41e24485cea50d1cbac27 -> 
  custom:video-encoder-webm-vp8: eb34c28f22e8b96e1ab97ce403110664 -> 
  custom:video-codec-MediaFoundation-h265: 746d11721c4dcdbdad8f713fa42b33f4 -> 
  custom:video-decoder-webm-vp8: 9c59270c3fd7afecdb556c50c9e8de78 -> 
  custom:audio-decoder-ogg-vorbis: bf7c407c2cedff20999df2af8eb42d56 -> 
  custom:audio-encoder-webm-vorbis: bf7c407c2cedff20999df2af8eb42d56 -> 
========================================================================
Received Import Request.
  Time since last request: 43.818178 seconds.
  path: Assets/PreFabs/Spike.prefab
  artifactKey: Guid(c635cdfc364c5c845af31fa508589d5b) Importer(815301076,1909f56bfc062723c751e8b465ee728b)
Start importing Assets/PreFabs/Spike.prefab using Guid(c635cdfc364c5c845af31fa508589d5b) Importer(815301076,1909f56bfc062723c751e8b465ee728b)  -> (artifact id: 'bfe203288fa107485d22fccdd166cf3e') in 8.488674 seconds 
  Import took 8.498718 seconds .

========================================================================
Received Prepare
Registering precompiled user dll's ...
Registered in 0.008205 seconds.
Begin MonoManager ReloadAssembly
Native extension for WindowsStandalone target not found
Refreshing native plugins compatible for Editor in 1.09 ms, found 2 plugins.
Preloading 0 native plugins for Editor in 0.00 ms.
Mono: successfully reloaded assembly
- Completed reload, in  3.127 seconds
Domain Reload Profiling:
	ReloadAssembly (3128ms)
		BeginReloadAssembly (337ms)
			ExecutionOrderSort (0ms)
			DisableScriptedObjects (10ms)
			BackupInstance (0ms)
			ReleaseScriptingObjects (0ms)
			CreateAndSetChildDomain (89ms)
		EndReloadAssembly (2594ms)
			LoadAssemblies (296ms)
			RebuildTransferFunctionScriptingTraits (0ms)
			SetupTypeCache (828ms)
			ReleaseScriptCaches (2ms)
			RebuildScriptCaches (125ms)
			SetupLoadedEditorAssemblies (1047ms)
				LogAssemblyErrors (0ms)
				InitializePlatformSupportModulesInManaged (18ms)
				SetLoadedEditorAssemblies (2ms)
				RefreshPlugins (1ms)
				BeforeProcessingInitializeOnLoad (300ms)
				ProcessInitializeOnLoadAttributes (660ms)
				ProcessInitializeOnLoadMethodAttributes (47ms)
				AfterProcessingInitializeOnLoad (19ms)
				EditorAssembliesLoaded (1ms)
			ExecutionOrderSort2 (0ms)
			AwakeInstancesAfterBackupRestoration (27ms)
Platform modules already initialized, skipping
Refreshing native plugins compatible for Editor in 2.28 ms, found 2 plugins.
Preloading 0 native plugins for Editor in 0.00 ms.
Unloading 2016 Unused Serialized files (Serialized files now loaded: 0)
System memory in use before: 111.5 MB.
System memory in use after: 111.6 MB.

Unloading 13 unused Assets to reduce memory usage. Loaded Objects now: 2542.
Total: 14.059600 ms (FindLiveObjects: 1.316300 ms CreateObjectMapping: 0.614500 ms MarkObjects: 10.506100 ms  DeleteObjects: 1.616300 ms)

AssetImportParameters requested are different than current active one (requested -> active):
  custom:framework-win-MediaFoundation: 216162199b28c13a410421893ffa2e32 -> 
  custom:video-decoder-ogg-theora: a1e56fd34408186e4bbccfd4996cb3dc -> 
  custom:container-muxer-webm: aa71ff27fc2769a1b78a27578f13a17b -> 
  custom:container-demuxer-webm: 4f35f7cbe854078d1ac9338744f61a02 -> 
  custom:container-demuxer-ogg: 62fdf1f143b41e24485cea50d1cbac27 -> 
  custom:video-encoder-webm-vp8: eb34c28f22e8b96e1ab97ce403110664 -> 
  custom:video-codec-MediaFoundation-h265: 746d11721c4dcdbdad8f713fa42b33f4 -> 
  custom:video-decoder-webm-vp8: 9c59270c3fd7afecdb556c50c9e8de78 -> 
  custom:audio-decoder-ogg-vorbis: bf7c407c2cedff20999df2af8eb42d56 -> 
  custom:audio-encoder-webm-vorbis: bf7c407c2cedff20999df2af8eb42d56 -> 
========================================================================
Received Import Request.
  Time since last request: 21.909783 seconds.
  path: Assets/PreFabs/Spike.prefab
  artifactKey: Guid(c635cdfc364c5c845af31fa508589d5b) Importer(815301076,1909f56bfc062723c751e8b465ee728b)
Start importing Assets/PreFabs/Spike.prefab using Guid(c635cdfc364c5c845af31fa508589d5b) Importer(815301076,1909f56bfc062723c751e8b465ee728b)  -> (artifact id: 'eab0cdf6f625af5e5fed241679a06247') in 8.599507 seconds 
  Import took 8.614588 seconds .

========================================================================
Received Prepare
Registering precompiled user dll's ...
Registered in 0.009453 seconds.
Begin MonoManager ReloadAssembly
Native extension for WindowsStandalone target not found
Refreshing native plugins compatible for Editor in 1.11 ms, found 2 plugins.
Preloading 0 native plugins for Editor in 0.00 ms.
Mono: successfully reloaded assembly
- Completed reload, in  3.127 seconds
Domain Reload Profiling:
	ReloadAssembly (3129ms)
		BeginReloadAssembly (319ms)
			ExecutionOrderSort (0ms)
			DisableScriptedObjects (17ms)
			BackupInstance (0ms)
			ReleaseScriptingObjects (0ms)
			CreateAndSetChildDomain (76ms)
		EndReloadAssembly (2619ms)
			LoadAssemblies (285ms)
			RebuildTransferFunctionScriptingTraits (0ms)
			SetupTypeCache (873ms)
			ReleaseScriptCaches (2ms)
			RebuildScriptCaches (142ms)
			SetupLoadedEditorAssemblies (1013ms)
				LogAssemblyErrors (0ms)
				InitializePlatformSupportModulesInManaged (15ms)
				SetLoadedEditorAssemblies (2ms)
				RefreshPlugins (1ms)
				BeforeProcessingInitializeOnLoad (273ms)
				ProcessInitializeOnLoadAttributes (658ms)
				ProcessInitializeOnLoadMethodAttributes (43ms)
				AfterProcessingInitializeOnLoad (20ms)
				EditorAssembliesLoaded (1ms)
			ExecutionOrderSort2 (0ms)
			AwakeInstancesAfterBackupRestoration (20ms)
Platform modules already initialized, skipping
Refreshing native plugins compatible for Editor in 1.58 ms, found 2 plugins.
Preloading 0 native plugins for Editor in 0.00 ms.
Unloading 2016 Unused Serialized files (Serialized files now loaded: 0)
System memory in use before: 111.5 MB.
System memory in use after: 111.6 MB.

Unloading 13 unused Assets to reduce memory usage. Loaded Objects now: 2546.
Total: 7.917700 ms (FindLiveObjects: 0.442400 ms CreateObjectMapping: 0.221500 ms MarkObjects: 6.925600 ms  DeleteObjects: 0.325500 ms)

AssetImportParameters requested are different than current active one (requested -> active):
  custom:framework-win-MediaFoundation: 216162199b28c13a410421893ffa2e32 -> 
  custom:video-decoder-ogg-theora: a1e56fd34408186e4bbccfd4996cb3dc -> 
  custom:container-muxer-webm: aa71ff27fc2769a1b78a27578f13a17b -> 
  custom:container-demuxer-webm: 4f35f7cbe854078d1ac9338744f61a02 -> 
  custom:container-demuxer-ogg: 62fdf1f143b41e24485cea50d1cbac27 -> 
  custom:video-encoder-webm-vp8: eb34c28f22e8b96e1ab97ce403110664 -> 
  custom:video-codec-MediaFoundation-h265: 746d11721c4dcdbdad8f713fa42b33f4 -> 
  custom:video-decoder-webm-vp8: 9c59270c3fd7afecdb556c50c9e8de78 -> 
  custom:audio-decoder-ogg-vorbis: bf7c407c2cedff20999df2af8eb42d56 -> 
  custom:audio-encoder-webm-vorbis: bf7c407c2cedff20999df2af8eb42d56 -> 
========================================================================
Received Import Request.
  Time since last request: 131.946751 seconds.
  path: Assets/PreFabs/SpikesObj.prefab
  artifactKey: Guid(c0594250df203ef4a94e8f0cdd7378ba) Importer(815301076,1909f56bfc062723c751e8b465ee728b)
Start importing Assets/PreFabs/SpikesObj.prefab using Guid(c0594250df203ef4a94e8f0cdd7378ba) Importer(815301076,1909f56bfc062723c751e8b465ee728b)  -> (artifact id: '22acc82c6fad50f255afd4f3eabc6b01') in 8.562734 seconds 
  Import took 8.570498 seconds .

========================================================================
Received Import Request.
  Time since last request: 18.292002 seconds.
  path: Assets/PreFabs/SpikesObj.prefab
  artifactKey: Guid(c0594250df203ef4a94e8f0cdd7378ba) Importer(815301076,1909f56bfc062723c751e8b465ee728b)
Start importing Assets/PreFabs/SpikesObj.prefab using Guid(c0594250df203ef4a94e8f0cdd7378ba) Importer(815301076,1909f56bfc062723c751e8b465ee728b)  -> (artifact id: 'e3f9f0c54963b6bc230e3914c7546d6b') in 0.025140 seconds 
  Import took 0.033412 seconds .

========================================================================
Received Import Request.
  Time since last request: 9.831958 seconds.
  path: Assets/PreFabs/SpikesObj.prefab
  artifactKey: Guid(c0594250df203ef4a94e8f0cdd7378ba) Importer(815301076,1909f56bfc062723c751e8b465ee728b)
Start importing Assets/PreFabs/SpikesObj.prefab using Guid(c0594250df203ef4a94e8f0cdd7378ba) Importer(815301076,1909f56bfc062723c751e8b465ee728b)  -> (artifact id: '0abce07d97d01ddd0c59746293ae3a81') in 0.032239 seconds 
  Import took 0.041200 seconds .

========================================================================
Received Import Request.
  Time since last request: 24.221175 seconds.
  path: Assets/PreFabs/Spike (1).prefab
  artifactKey: Guid(5e772da59abf33848b4adabf04c29b19) Importer(815301076,1909f56bfc062723c751e8b465ee728b)
Start importing Assets/PreFabs/Spike (1).prefab using Guid(5e772da59abf33848b4adabf04c29b19) Importer(815301076,1909f56bfc062723c751e8b465ee728b)  -> (artifact id: 'c721649e9c284a1c5542570cde55ca8a') in 0.038863 seconds 
  Import took 0.047423 seconds .

========================================================================
Received Prepare
Registering precompiled user dll's ...
Registered in 0.008999 seconds.
Begin MonoManager ReloadAssembly
Native extension for WindowsStandalone target not found
Refreshing native plugins compatible for Editor in 1.14 ms, found 2 plugins.
Preloading 0 native plugins for Editor in 0.00 ms.
Mono: successfully reloaded assembly
- Completed reload, in  3.044 seconds
Domain Reload Profiling:
	ReloadAssembly (3046ms)
		BeginReloadAssembly (322ms)
			ExecutionOrderSort (0ms)
			DisableScriptedObjects (12ms)
			BackupInstance (0ms)
			ReleaseScriptingObjects (0ms)
			CreateAndSetChildDomain (80ms)
		EndReloadAssembly (2527ms)
			LoadAssemblies (290ms)
			RebuildTransferFunctionScriptingTraits (0ms)
			SetupTypeCache (832ms)
			ReleaseScriptCaches (3ms)
			RebuildScriptCaches (125ms)
			SetupLoadedEditorAssemblies (1001ms)
				LogAssemblyErrors (0ms)
				InitializePlatformSupportModulesInManaged (14ms)
				SetLoadedEditorAssemblies (2ms)
				RefreshPlugins (1ms)
				BeforeProcessingInitializeOnLoad (262ms)
				ProcessInitializeOnLoadAttributes (660ms)
				ProcessInitializeOnLoadMethodAttributes (43ms)
				AfterProcessingInitializeOnLoad (19ms)
				EditorAssembliesLoaded (1ms)
			ExecutionOrderSort2 (0ms)
			AwakeInstancesAfterBackupRestoration (18ms)
Platform modules already initialized, skipping
Refreshing native plugins compatible for Editor in 1.13 ms, found 2 plugins.
Preloading 0 native plugins for Editor in 0.00 ms.
Unloading 2016 Unused Serialized files (Serialized files now loaded: 0)
System memory in use before: 111.4 MB.
System memory in use after: 111.5 MB.

Unloading 13 unused Assets to reduce memory usage. Loaded Objects now: 2550.
Total: 7.909200 ms (FindLiveObjects: 0.307600 ms CreateObjectMapping: 0.140400 ms MarkObjects: 7.114100 ms  DeleteObjects: 0.344500 ms)

AssetImportParameters requested are different than current active one (requested -> active):
  custom:framework-win-MediaFoundation: 216162199b28c13a410421893ffa2e32 -> 
  custom:video-decoder-ogg-theora: a1e56fd34408186e4bbccfd4996cb3dc -> 
  custom:container-muxer-webm: aa71ff27fc2769a1b78a27578f13a17b -> 
  custom:container-demuxer-webm: 4f35f7cbe854078d1ac9338744f61a02 -> 
  custom:container-demuxer-ogg: 62fdf1f143b41e24485cea50d1cbac27 -> 
  custom:video-encoder-webm-vp8: eb34c28f22e8b96e1ab97ce403110664 -> 
  custom:video-codec-MediaFoundation-h265: 746d11721c4dcdbdad8f713fa42b33f4 -> 
  custom:video-decoder-webm-vp8: 9c59270c3fd7afecdb556c50c9e8de78 -> 
  custom:audio-decoder-ogg-vorbis: bf7c407c2cedff20999df2af8eb42d56 -> 
  custom:audio-encoder-webm-vorbis: bf7c407c2cedff20999df2af8eb42d56 -> 
AssetImportWorkerClient::OnTransportError - code=2 error=End of file
